<?xml version="1.0" encoding="UTF-8"?>
<testsuite name="ShortestTests" tests="1" skipped="0" failures="0" errors="0" timestamp="2023-09-30T11:23:18" hostname="PORTATIL-ALBERT" time="0.002">
  <properties/>
  <testcase name="testSolution" classname="ShortestTests" time="0.002"/>
  <system-out><![CDATA[]]></system-out>
  <system-err><![CDATA[]]></system-err>
</testsuite>
